<?xml version="1.0" encoding="UTF-8"?>
<robot generator="Robot 3.2.1 (Python 3.8.2 on win32)" generated="20200605 17:21:02.616" rpa="false">
<suite id="s1" name="Login" source="C:\Users\kchaple\PycharmProjects\Mercury\TestCases\Login.robot">
<kw name="Open My Browser" library="LoginKeywors" type="setup">
<arguments>
<arg>${SiteUrl}</arg>
<arg>${Browser}</arg>
</arguments>
<kw name="Open Browser" library="SeleniumLibrary">
<doc>Opens a new browser instance to the optional ``url``.</doc>
<arguments>
<arg>${SiteUrl}</arg>
<arg>${Browser}</arg>
</arguments>
<msg timestamp="20200605 17:21:03.758" level="INFO">Opening browser 'chrome' to base url 'http://newtours.demoaut.com/'.</msg>
<status status="PASS" starttime="20200605 17:21:03.757" endtime="20200605 17:21:09.477"></status>
</kw>
<kw name="Maximize Browser Window" library="SeleniumLibrary">
<doc>Maximizes current browser window.</doc>
<status status="PASS" starttime="20200605 17:21:09.478" endtime="20200605 17:21:09.607"></status>
</kw>
<status status="PASS" starttime="20200605 17:21:03.757" endtime="20200605 17:21:09.608"></status>
</kw>
<test id="s1-t1" name="LoginTest">
<kw name="Enter UserName" library="LoginKeywors">
<arguments>
<arg>${user}</arg>
</arguments>
<kw name="Input Text" library="SeleniumLibrary">
<doc>Types the given ``text`` into the text field identified by ``locator``.</doc>
<arguments>
<arg>${txt_loginUserName}</arg>
<arg>${username}</arg>
</arguments>
<msg timestamp="20200605 17:21:09.610" level="INFO">Typing text 'tutorial' into text field 'name:userName'.</msg>
<status status="PASS" starttime="20200605 17:21:09.610" endtime="20200605 17:21:09.864"></status>
</kw>
<status status="PASS" starttime="20200605 17:21:09.609" endtime="20200605 17:21:09.865"></status>
</kw>
<kw name="Enter Password" library="LoginKeywors">
<arguments>
<arg>${pwd}</arg>
</arguments>
<kw name="Input Text" library="SeleniumLibrary">
<doc>Types the given ``text`` into the text field identified by ``locator``.</doc>
<arguments>
<arg>${txt_loginPassword}</arg>
<arg>${password}</arg>
</arguments>
<msg timestamp="20200605 17:21:09.867" level="INFO">Typing text 'tutorial' into text field 'name:password'.</msg>
<status status="PASS" starttime="20200605 17:21:09.866" endtime="20200605 17:21:10.035"></status>
</kw>
<status status="PASS" starttime="20200605 17:21:09.865" endtime="20200605 17:21:10.035"></status>
</kw>
<kw name="Click SignIn" library="LoginKeywors">
<kw name="Click Button" library="SeleniumLibrary">
<doc>Clicks the button identified by ``locator``.</doc>
<arguments>
<arg>${btn_signIn}</arg>
</arguments>
<msg timestamp="20200605 17:21:10.037" level="INFO">Clicking button 'name:login'.</msg>
<status status="PASS" starttime="20200605 17:21:10.037" endtime="20200605 17:21:42.669"></status>
</kw>
<status status="PASS" starttime="20200605 17:21:10.036" endtime="20200605 17:21:42.670"></status>
</kw>
<kw name="Sleep" library="BuiltIn">
<doc>Pauses the test executed for the given time.</doc>
<arguments>
<arg>${timeout}</arg>
</arguments>
<msg timestamp="20200605 17:21:45.674" level="INFO">Slept 3 seconds</msg>
<status status="PASS" starttime="20200605 17:21:42.672" endtime="20200605 17:21:45.674"></status>
</kw>
<kw name="Verify Successful Login" library="LoginKeywors">
<kw name="Title Should Be" library="SeleniumLibrary">
<doc>Verifies that the current page title equals ``title``.</doc>
<arguments>
<arg>Find a Flight: Mercury Tours:</arg>
</arguments>
<kw name="Capture Page Screenshot" library="SeleniumLibrary">
<doc>Takes a screenshot of the current page and embeds it into a log file.</doc>
<msg timestamp="20200605 17:22:09.808" level="FAIL">WebDriverException: Message: chrome not reachable
  (Session info: chrome=81.0.4044.138)
</msg>
<status status="FAIL" starttime="20200605 17:21:57.718" endtime="20200605 17:22:09.808"></status>
</kw>
<msg timestamp="20200605 17:22:09.808" level="WARN">Keyword 'Capture Page Screenshot' could not be run on failure: WebDriverException: Message: chrome not reachable
  (Session info: chrome=81.0.4044.138)
</msg>
<msg timestamp="20200605 17:22:09.815" level="FAIL">WebDriverException: Message: chrome not reachable
  (Session info: chrome=81.0.4044.138)
</msg>
<status status="FAIL" starttime="20200605 17:21:45.677" endtime="20200605 17:22:09.815"></status>
</kw>
<status status="FAIL" starttime="20200605 17:21:45.676" endtime="20200605 17:22:09.815"></status>
</kw>
<status status="FAIL" starttime="20200605 17:21:09.608" endtime="20200605 17:22:09.816" critical="yes">WebDriverException: Message: chrome not reachable
  (Session info: chrome=81.0.4044.138)
</status>
</test>
<kw name="close my broswers" library="LoginKeywors" type="teardown">
<kw name="Close All Browsers" library="SeleniumLibrary">
<doc>Closes all open browsers and resets the browser cache.</doc>
<status status="PASS" starttime="20200605 17:22:09.820" endtime="20200605 17:22:12.050"></status>
</kw>
<status status="PASS" starttime="20200605 17:22:09.820" endtime="20200605 17:22:12.051"></status>
</kw>
<status status="FAIL" starttime="20200605 17:21:02.623" endtime="20200605 17:22:12.051"></status>
</suite>
<statistics>
<total>
<stat pass="0" fail="1">Critical Tests</stat>
<stat pass="0" fail="1">All Tests</stat>
</total>
<tag>
</tag>
<suite>
<stat pass="0" fail="1" id="s1" name="Login">Login</stat>
</suite>
</statistics>
<errors>
<msg timestamp="20200605 17:22:09.808" level="WARN">Keyword 'Capture Page Screenshot' could not be run on failure: WebDriverException: Message: chrome not reachable
  (Session info: chrome=81.0.4044.138)
</msg>
</errors>
</robot>
